<?xml version="1.0" encoding="UTF-8"?>
<!-- Generated by org.testng.reporters.JUnitXMLReporter -->
<testsuite ignored="0" hostname="LAPTOP-U9QEIG72" failures="1" tests="1" name="Test" time="25.044" errors="0" timestamp="2023-07-25T17:36:38 IST">
  <testcase classname="testclass.test1" name="homepagetest" time="5.16">
    <failure type="org.openqa.selenium.ElementClickInterceptedException" message="element click intercepted: Element &amp;lt;input name=&amp;quot;ctl00$txtSearchServicablePin&amp;quot; type=&amp;quot;text&amp;quot; id=&amp;quot;ctl00_txtSearchServicablePin&amp;quot; value=&amp;quot;Enter Pin&amp;quot; readonly=&amp;quot;&amp;quot; class=&amp;quot;servicablepin headerspantext&amp;quot;&amp;gt; is not clickable at point (426, 49). Other element would receive the click: &amp;lt;div align=&amp;quot;center&amp;quot; id=&amp;quot;divPagePopupBackGound&amp;quot; class=&amp;quot;popupBackGround&amp;quot; style=&amp;quot;width: 971px; height: 1627px; z-index: 999999; display: block; background-color: rgba(0, 0, 0, 0.82);&amp;quot; onclick=&amp;quot;CloseHomePopUP()&amp;quot;&amp;gt;...&amp;lt;/div&amp;gt;
  (Session info: chrome=115.0.5790.102)
Build info: version: &amp;apos;4.8.3&amp;apos;, revision: &amp;apos;e5e76298c3&amp;apos;
System info: os.name: &amp;apos;Windows 11&amp;apos;, os.arch: &amp;apos;amd64&amp;apos;, os.version: &amp;apos;10.0&amp;apos;, java.version: &amp;apos;11.0.16&amp;apos;
Driver info: org.openqa.selenium.chrome.ChromeDriver
Command: [b615f50bc4788a6a01df75ebd98fdc24, clickElement {id=E52DF14E5F72E2C749AF3A9C551AD625_element_3}]
Capabilities {acceptInsecureCerts: false, browserName: chrome, browserVersion: 115.0.5790.102, chrome: {chromedriverVersion: 114.0.5735.90 (386bc09e8f4f..., userDataDir: C:\WINDOWS\SystemTemp\scope...}, goog:chromeOptions: {debuggerAddress: localhost:51025}, networkConnectionEnabled: false, pageLoadStrategy: normal, platformName: WINDOWS, proxy: Proxy(), se:cdp: ws://localhost:51025/devtoo..., se:cdpVersion: 115.0.5790.102, setWindowRect: true, strictFileInteractability: false, timeouts: {implicit: 0, pageLoad: 300000, script: 30000}, unhandledPromptBehavior: dismiss and notify, webauthn:extension:credBlob: true, webauthn:extension:largeBlob: true, webauthn:extension:minPinLength: true, webauthn:extension:prf: true, webauthn:virtualAuthenticators: true}
Element: [[ChromeDriver: chrome on WINDOWS (b615f50bc4788a6a01df75ebd98fdc24)] -&amp;gt; xpath: //input[@id=&amp;apos;ctl00_txtSearchServicablePin&amp;apos;]]
Session ID: b615f50bc4788a6a01df75ebd98fdc24">
      <![CDATA[org.openqa.selenium.ElementClickInterceptedException: element click intercepted: Element <input name="ctl00$txtSearchServicablePin" type="text" id="ctl00_txtSearchServicablePin" value="Enter Pin" readonly="" class="servicablepin headerspantext"> is not clickable at point (426, 49). Other element would receive the click: <div align="center" id="divPagePopupBackGound" class="popupBackGround" style="width: 971px; height: 1627px; z-index: 999999; display: block; background-color: rgba(0, 0, 0, 0.82);" onclick="CloseHomePopUP()">...</div>
  (Session info: chrome=115.0.5790.102)
Build info: version: '4.8.3', revision: 'e5e76298c3'
System info: os.name: 'Windows 11', os.arch: 'amd64', os.version: '10.0', java.version: '11.0.16'
Driver info: org.openqa.selenium.chrome.ChromeDriver
Command: [b615f50bc4788a6a01df75ebd98fdc24, clickElement {id=E52DF14E5F72E2C749AF3A9C551AD625_element_3}]
Capabilities {acceptInsecureCerts: false, browserName: chrome, browserVersion: 115.0.5790.102, chrome: {chromedriverVersion: 114.0.5735.90 (386bc09e8f4f..., userDataDir: C:\WINDOWS\SystemTemp\scope...}, goog:chromeOptions: {debuggerAddress: localhost:51025}, networkConnectionEnabled: false, pageLoadStrategy: normal, platformName: WINDOWS, proxy: Proxy(), se:cdp: ws://localhost:51025/devtoo..., se:cdpVersion: 115.0.5790.102, setWindowRect: true, strictFileInteractability: false, timeouts: {implicit: 0, pageLoad: 300000, script: 30000}, unhandledPromptBehavior: dismiss and notify, webauthn:extension:credBlob: true, webauthn:extension:largeBlob: true, webauthn:extension:minPinLength: true, webauthn:extension:prf: true, webauthn:virtualAuthenticators: true}
Element: [[ChromeDriver: chrome on WINDOWS (b615f50bc4788a6a01df75ebd98fdc24)] -> xpath: //input[@id='ctl00_txtSearchServicablePin']]
Session ID: b615f50bc4788a6a01df75ebd98fdc24
at org.openqa.selenium.remote.codec.w3c.W3CHttpResponseCodec.createException(W3CHttpResponseCodec.java:200)
at org.openqa.selenium.remote.codec.w3c.W3CHttpResponseCodec.decode(W3CHttpResponseCodec.java:133)
at org.openqa.selenium.remote.codec.w3c.W3CHttpResponseCodec.decode(W3CHttpResponseCodec.java:53)
at org.openqa.selenium.remote.HttpCommandExecutor.execute(HttpCommandExecutor.java:193)
at org.openqa.selenium.remote.service.DriverCommandExecutor.invokeExecute(DriverCommandExecutor.java:183)
at org.openqa.selenium.remote.service.DriverCommandExecutor.execute(DriverCommandExecutor.java:158)
at org.openqa.selenium.remote.RemoteWebDriver.execute(RemoteWebDriver.java:543)
at org.openqa.selenium.remote.RemoteWebElement.execute(RemoteWebElement.java:257)
at org.openqa.selenium.remote.RemoteWebElement.click(RemoteWebElement.java:78)
at org.openqa.selenium.support.pagefactory.internal.LocatingElementHandler.invoke(LocatingElementHandler.java:52)
at com.sun.proxy.$Proxy13.click(Unknown Source)
at pageobjectclass.homepage.pin(homepage.java:59)
at testclass.test1.homepagetest(test1.java:18)
at java.base/java.util.ArrayList.forEach(ArrayList.java:1541)
... Removed 39 stack frames]]>
    </failure>
  </testcase> <!-- homepagetest -->
</testsuite> <!-- Test -->
